2025-08-30T16:45:41.473727Z  INFO tailwindcss_oxide::scanner: Provided sources:
2025-08-30T16:45:41.473797Z  INFO tailwindcss_oxide::scanner: Source: PublicSourceEntry { base: "/Users/victormuhagachi/CascadeProjects/jukumu-web-portal", pattern: "**/*", negated: false }
2025-08-30T16:45:41.474222Z  INFO tailwindcss_oxide::scanner: Optimized sources:
2025-08-30T16:45:41.474226Z  INFO tailwindcss_oxide::scanner: Source: Auto { base: "/Users/victormuhagachi/CascadeProjects/jukumu-web-portal" }
2025-08-30T16:45:41.476243Z  INFO scan_sources: tailwindcss_oxide::scanner: enter
2025-08-30T16:45:41.477050Z  INFO scan_sources: tailwindcss_oxide::scanner: Discovering "/Users/victormuhagachi/CascadeProjects/jukumu-web-portal/database"
2025-08-30T16:45:41.477092Z  INFO scan_sources: tailwindcss_oxide::scanner: Discovering "/Users/victormuhagachi/CascadeProjects/jukumu-web-portal/database/schema.sql"
2025-08-30T16:45:41.477123Z  INFO scan_sources: tailwindcss_oxide::scanner: Discovering "/Users/victormuhagachi/CascadeProjects/jukumu-web-portal/test-stack-auth.js"
2025-08-30T16:45:41.477132Z  INFO scan_sources: tailwindcss_oxide::scanner: Discovering "/Users/victormuhagachi/CascadeProjects/jukumu-web-portal/netlify.toml"
2025-08-30T16:45:41.477141Z  INFO scan_sources: tailwindcss_oxide::scanner: Discovering "/Users/victormuhagachi/CascadeProjects/jukumu-web-portal/postcss.config.mjs"
2025-08-30T16:45:41.477182Z  INFO scan_sources: tailwindcss_oxide::scanner: Discovering "/Users/victormuhagachi/CascadeProjects/jukumu-web-portal/README.md"
2025-08-30T16:45:41.477195Z  INFO scan_sources: tailwindcss_oxide::scanner: Discovering "/Users/victormuhagachi/CascadeProjects/jukumu-web-portal/public"
2025-08-30T16:45:41.477234Z  INFO scan_sources: tailwindcss_oxide::scanner: Discovering "/Users/victormuhagachi/CascadeProjects/jukumu-web-portal/public/file.svg"
2025-08-30T16:45:41.477255Z  INFO scan_sources: tailwindcss_oxide::scanner: Discovering "/Users/victormuhagachi/CascadeProjects/jukumu-web-portal/public/vercel.svg"
2025-08-30T16:45:41.477264Z  INFO scan_sources: tailwindcss_oxide::scanner: Discovering "/Users/victormuhagachi/CascadeProjects/jukumu-web-portal/public/next.svg"
2025-08-30T16:45:41.477276Z  INFO scan_sources: tailwindcss_oxide::scanner: Discovering "/Users/victormuhagachi/CascadeProjects/jukumu-web-portal/public/globe.svg"
2025-08-30T16:45:41.477284Z  INFO scan_sources: tailwindcss_oxide::scanner: Discovering "/Users/victormuhagachi/CascadeProjects/jukumu-web-portal/public/window.svg"
2025-08-30T16:45:41.477306Z  INFO scan_sources: tailwindcss_oxide::scanner: Discovering "/Users/victormuhagachi/CascadeProjects/jukumu-web-portal/package.json"
2025-08-30T16:45:41.477332Z  INFO scan_sources: tailwindcss_oxide::scanner: Discovering "/Users/victormuhagachi/CascadeProjects/jukumu-web-portal/update-members-table.js"
2025-08-30T16:45:41.477339Z  INFO scan_sources: tailwindcss_oxide::scanner: Discovering "/Users/victormuhagachi/CascadeProjects/jukumu-web-portal/setup-database.js"
2025-08-30T16:45:41.477346Z  INFO scan_sources: tailwindcss_oxide::scanner: Discovering "/Users/victormuhagachi/CascadeProjects/jukumu-web-portal/tsconfig.json"
2025-08-30T16:45:41.477369Z  INFO scan_sources: tailwindcss_oxide::scanner: Discovering "/Users/victormuhagachi/CascadeProjects/jukumu-web-portal/eslint.config.mjs"
2025-08-30T16:45:41.477377Z  INFO scan_sources: tailwindcss_oxide::scanner: Discovering "/Users/victormuhagachi/CascadeProjects/jukumu-web-portal/check-members.js"
2025-08-30T16:45:41.477385Z  INFO scan_sources: tailwindcss_oxide::scanner: Discovering "/Users/victormuhagachi/CascadeProjects/jukumu-web-portal/env.example"
2025-08-30T16:45:41.477392Z  INFO scan_sources: tailwindcss_oxide::scanner: Discovering "/Users/victormuhagachi/CascadeProjects/jukumu-web-portal/next.config.ts"
2025-08-30T16:45:41.477403Z  INFO scan_sources: tailwindcss_oxide::scanner: Discovering "/Users/victormuhagachi/CascadeProjects/jukumu-web-portal/src"
2025-08-30T16:45:41.477419Z  INFO scan_sources: tailwindcss_oxide::scanner: Discovering "/Users/victormuhagachi/CascadeProjects/jukumu-web-portal/src/middleware.ts"
2025-08-30T16:45:41.477436Z  INFO scan_sources: tailwindcss_oxide::scanner: Discovering "/Users/victormuhagachi/CascadeProjects/jukumu-web-portal/src/types"
2025-08-30T16:45:41.477456Z  INFO scan_sources: tailwindcss_oxide::scanner: Discovering "/Users/victormuhagachi/CascadeProjects/jukumu-web-portal/src/contexts"
2025-08-30T16:45:41.477471Z  INFO scan_sources: tailwindcss_oxide::scanner: Discovering "/Users/victormuhagachi/CascadeProjects/jukumu-web-portal/src/contexts/LanguageContext.tsx"
2025-08-30T16:45:41.477483Z  INFO scan_sources: tailwindcss_oxide::scanner: Discovering "/Users/victormuhagachi/CascadeProjects/jukumu-web-portal/src/app"
2025-08-30T16:45:41.477504Z  INFO scan_sources: tailwindcss_oxide::scanner: Discovering "/Users/victormuhagachi/CascadeProjects/jukumu-web-portal/src/app/portal"
2025-08-30T16:45:41.477519Z  INFO scan_sources: tailwindcss_oxide::scanner: Discovering "/Users/victormuhagachi/CascadeProjects/jukumu-web-portal/src/app/portal/page.tsx"
2025-08-30T16:45:41.477537Z  INFO scan_sources: tailwindcss_oxide::scanner: Discovering "/Users/victormuhagachi/CascadeProjects/jukumu-web-portal/src/app/dashboard"
2025-08-30T16:45:41.477553Z  INFO scan_sources: tailwindcss_oxide::scanner: Discovering "/Users/victormuhagachi/CascadeProjects/jukumu-web-portal/src/app/dashboard/loading.tsx"
2025-08-30T16:45:41.477560Z  INFO scan_sources: tailwindcss_oxide::scanner: Discovering "/Users/victormuhagachi/CascadeProjects/jukumu-web-portal/src/app/dashboard/page.tsx"
2025-08-30T16:45:41.477567Z  INFO scan_sources: tailwindcss_oxide::scanner: Discovering "/Users/victormuhagachi/CascadeProjects/jukumu-web-portal/src/app/layout.tsx"
2025-08-30T16:45:41.477578Z  INFO scan_sources: tailwindcss_oxide::scanner: Discovering "/Users/victormuhagachi/CascadeProjects/jukumu-web-portal/src/app/api"
2025-08-30T16:45:41.477597Z  INFO scan_sources: tailwindcss_oxide::scanner: Discovering "/Users/victormuhagachi/CascadeProjects/jukumu-web-portal/src/app/api/auth"
2025-08-30T16:45:41.477616Z  INFO scan_sources: tailwindcss_oxide::scanner: Discovering "/Users/victormuhagachi/CascadeProjects/jukumu-web-portal/src/app/api/auth/signup"
2025-08-30T16:45:41.477632Z  INFO scan_sources: tailwindcss_oxide::scanner: Discovering "/Users/victormuhagachi/CascadeProjects/jukumu-web-portal/src/app/api/auth/signup/route.ts"
2025-08-30T16:45:41.477645Z  INFO scan_sources: tailwindcss_oxide::scanner: Discovering "/Users/victormuhagachi/CascadeProjects/jukumu-web-portal/src/app/api/auth/signin"
2025-08-30T16:45:41.477660Z  INFO scan_sources: tailwindcss_oxide::scanner: Discovering "/Users/victormuhagachi/CascadeProjects/jukumu-web-portal/src/app/api/auth/signin/route.ts"
2025-08-30T16:45:41.477674Z  INFO scan_sources: tailwindcss_oxide::scanner: Discovering "/Users/victormuhagachi/CascadeProjects/jukumu-web-portal/src/app/api/groups"
2025-08-30T16:45:41.477688Z  INFO scan_sources: tailwindcss_oxide::scanner: Discovering "/Users/victormuhagachi/CascadeProjects/jukumu-web-portal/src/app/api/groups/route.ts"
2025-08-30T16:45:41.477701Z  INFO scan_sources: tailwindcss_oxide::scanner: Discovering "/Users/victormuhagachi/CascadeProjects/jukumu-web-portal/src/app/api/members"
2025-08-30T16:45:41.477714Z  INFO scan_sources: tailwindcss_oxide::scanner: Discovering "/Users/victormuhagachi/CascadeProjects/jukumu-web-portal/src/app/api/members/route.ts"
2025-08-30T16:45:41.477728Z  INFO scan_sources: tailwindcss_oxide::scanner: Discovering "/Users/victormuhagachi/CascadeProjects/jukumu-web-portal/src/app/api/educational-content"
2025-08-30T16:45:41.477744Z  INFO scan_sources: tailwindcss_oxide::scanner: Discovering "/Users/victormuhagachi/CascadeProjects/jukumu-web-portal/src/app/api/educational-content/route.ts"
2025-08-30T16:45:41.477753Z  INFO scan_sources: tailwindcss_oxide::scanner: Discovering "/Users/victormuhagachi/CascadeProjects/jukumu-web-portal/src/app/loading.tsx"
2025-08-30T16:45:41.477763Z  INFO scan_sources: tailwindcss_oxide::scanner: Discovering "/Users/victormuhagachi/CascadeProjects/jukumu-web-portal/src/app/stack"
2025-08-30T16:45:41.477786Z  INFO scan_sources: tailwindcss_oxide::scanner: Discovering "/Users/victormuhagachi/CascadeProjects/jukumu-web-portal/src/app/stack/[...stack]"
2025-08-30T16:45:41.477800Z  INFO scan_sources: tailwindcss_oxide::scanner: Discovering "/Users/victormuhagachi/CascadeProjects/jukumu-web-portal/src/app/stack/[...stack]/page.tsx"
2025-08-30T16:45:41.477808Z  INFO scan_sources: tailwindcss_oxide::scanner: Discovering "/Users/victormuhagachi/CascadeProjects/jukumu-web-portal/src/app/page.tsx"
2025-08-30T16:45:41.477814Z  INFO scan_sources: tailwindcss_oxide::scanner: Discovering "/Users/victormuhagachi/CascadeProjects/jukumu-web-portal/src/app/globals.css"
2025-08-30T16:45:41.477825Z  INFO scan_sources: tailwindcss_oxide::scanner: Discovering "/Users/victormuhagachi/CascadeProjects/jukumu-web-portal/src/app/login"
2025-08-30T16:45:41.477838Z  INFO scan_sources: tailwindcss_oxide::scanner: Discovering "/Users/victormuhagachi/CascadeProjects/jukumu-web-portal/src/app/login/loading.tsx"
2025-08-30T16:45:41.477845Z  INFO scan_sources: tailwindcss_oxide::scanner: Discovering "/Users/victormuhagachi/CascadeProjects/jukumu-web-portal/src/app/login/page.tsx"
2025-08-30T16:45:41.477858Z  INFO scan_sources: tailwindcss_oxide::scanner: Discovering "/Users/victormuhagachi/CascadeProjects/jukumu-web-portal/src/components"
2025-08-30T16:45:41.477872Z  INFO scan_sources: tailwindcss_oxide::scanner: Discovering "/Users/victormuhagachi/CascadeProjects/jukumu-web-portal/src/components/AboutSection.tsx"
2025-08-30T16:45:41.477879Z  INFO scan_sources: tailwindcss_oxide::scanner: Discovering "/Users/victormuhagachi/CascadeProjects/jukumu-web-portal/src/components/InvestorSection.tsx"
2025-08-30T16:45:41.477884Z  INFO scan_sources: tailwindcss_oxide::scanner: Discovering "/Users/victormuhagachi/CascadeProjects/jukumu-web-portal/src/components/RegistrationSection.tsx"
2025-08-30T16:45:41.477890Z  INFO scan_sources: tailwindcss_oxide::scanner: Discovering "/Users/victormuhagachi/CascadeProjects/jukumu-web-portal/src/components/Footer.tsx"
2025-08-30T16:45:41.477896Z  INFO scan_sources: tailwindcss_oxide::scanner: Discovering "/Users/victormuhagachi/CascadeProjects/jukumu-web-portal/src/components/HeroSection.tsx"
2025-08-30T16:45:41.477902Z  INFO scan_sources: tailwindcss_oxide::scanner: Discovering "/Users/victormuhagachi/CascadeProjects/jukumu-web-portal/src/components/Header.tsx"
2025-08-30T16:45:41.477907Z  INFO scan_sources: tailwindcss_oxide::scanner: Discovering "/Users/victormuhagachi/CascadeProjects/jukumu-web-portal/src/components/ImpactSection.tsx"
2025-08-30T16:45:41.477918Z  INFO scan_sources: tailwindcss_oxide::scanner: Discovering "/Users/victormuhagachi/CascadeProjects/jukumu-web-portal/src/lib"
2025-08-30T16:45:41.477929Z  INFO scan_sources: tailwindcss_oxide::scanner: Discovering "/Users/victormuhagachi/CascadeProjects/jukumu-web-portal/src/lib/stack.ts"
2025-08-30T16:45:41.477934Z  INFO scan_sources: tailwindcss_oxide::scanner: Discovering "/Users/victormuhagachi/CascadeProjects/jukumu-web-portal/src/lib/db.ts"
2025-08-30T16:45:41.477979Z  INFO scan_sources: tailwindcss_oxide::scanner: exit
2025-08-30T16:45:41.477982Z  INFO extract_candidates: tailwindcss_oxide::scanner: enter
2025-08-30T16:45:41.477984Z  INFO extract_candidates:read_all_files: tailwindcss_oxide::scanner: enter
2025-08-30T16:45:41.477985Z  INFO extract_candidates:read_all_files: tailwindcss_oxide::scanner: Reading 43 file(s)
2025-08-30T16:45:41.478112Z  INFO tailwindcss_oxide::scanner: Reading "/Users/victormuhagachi/CascadeProjects/jukumu-web-portal/src/app/dashboard/loading.tsx"
2025-08-30T16:45:41.478122Z  INFO tailwindcss_oxide::scanner: Reading "/Users/victormuhagachi/CascadeProjects/jukumu-web-portal/src/app/login/loading.tsx"
2025-08-30T16:45:41.478143Z  INFO tailwindcss_oxide::scanner: Reading "/Users/victormuhagachi/CascadeProjects/jukumu-web-portal/src/app/dashboard/page.tsx"
2025-08-30T16:45:41.478146Z  INFO tailwindcss_oxide::scanner: Reading "/Users/victormuhagachi/CascadeProjects/jukumu-web-portal/src/app/login/page.tsx"
2025-08-30T16:45:41.478157Z  INFO tailwindcss_oxide::scanner: Reading "/Users/victormuhagachi/CascadeProjects/jukumu-web-portal/src/app/layout.tsx"
2025-08-30T16:45:41.478124Z  INFO tailwindcss_oxide::scanner: Reading "/Users/victormuhagachi/CascadeProjects/jukumu-web-portal/src/components/Footer.tsx"
2025-08-30T16:45:41.478125Z  INFO tailwindcss_oxide::scanner: Reading "/Users/victormuhagachi/CascadeProjects/jukumu-web-portal/src/components/AboutSection.tsx"
2025-08-30T16:45:41.478143Z  INFO tailwindcss_oxide::scanner: Reading "/Users/victormuhagachi/CascadeProjects/jukumu-web-portal/src/components/ImpactSection.tsx"
2025-08-30T16:45:41.478174Z  INFO tailwindcss_oxide::scanner: Reading "/Users/victormuhagachi/CascadeProjects/jukumu-web-portal/src/app/api/groups/route.ts"
2025-08-30T16:45:41.478176Z  INFO tailwindcss_oxide::scanner: Reading "/Users/victormuhagachi/CascadeProjects/jukumu-web-portal/src/app/api/auth/signup/route.ts"
2025-08-30T16:45:41.478184Z  INFO tailwindcss_oxide::scanner: Reading "/Users/victormuhagachi/CascadeProjects/jukumu-web-portal/src/components/HeroSection.tsx"
2025-08-30T16:45:41.478215Z  INFO tailwindcss_oxide::scanner: Reading "/Users/victormuhagachi/CascadeProjects/jukumu-web-portal/src/components/InvestorSection.tsx"
2025-08-30T16:45:41.478262Z  INFO tailwindcss_oxide::scanner: Reading "/Users/victormuhagachi/CascadeProjects/jukumu-web-portal/src/components/Header.tsx"
2025-08-30T16:45:41.478223Z  INFO tailwindcss_oxide::scanner: Reading "/Users/victormuhagachi/CascadeProjects/jukumu-web-portal/netlify.toml"
2025-08-30T16:45:41.478230Z  INFO tailwindcss_oxide::scanner: Reading "/Users/victormuhagachi/CascadeProjects/jukumu-web-portal/package.json"
2025-08-30T16:45:41.478274Z  INFO tailwindcss_oxide::scanner: Reading "/Users/victormuhagachi/CascadeProjects/jukumu-web-portal/src/middleware.ts"
2025-08-30T16:45:41.478280Z  INFO tailwindcss_oxide::scanner: Reading "/Users/victormuhagachi/CascadeProjects/jukumu-web-portal/postcss.config.mjs"
2025-08-30T16:45:41.478286Z  INFO tailwindcss_oxide::scanner: Reading "/Users/victormuhagachi/CascadeProjects/jukumu-web-portal/src/contexts/LanguageContext.tsx"
2025-08-30T16:45:41.478222Z  INFO tailwindcss_oxide::scanner: Reading "/Users/victormuhagachi/CascadeProjects/jukumu-web-portal/src/app/api/members/route.ts"
2025-08-30T16:45:41.478257Z  INFO tailwindcss_oxide::scanner: Reading "/Users/victormuhagachi/CascadeProjects/jukumu-web-portal/src/app/api/auth/signin/route.ts"
2025-08-30T16:45:41.478276Z  INFO tailwindcss_oxide::scanner: Reading "/Users/victormuhagachi/CascadeProjects/jukumu-web-portal/src/components/RegistrationSection.tsx"
2025-08-30T16:45:41.478324Z  INFO tailwindcss_oxide::scanner: Reading "/Users/victormuhagachi/CascadeProjects/jukumu-web-portal/src/app/api/educational-content/route.ts"
2025-08-30T16:45:41.478309Z  INFO tailwindcss_oxide::scanner: Reading "/Users/victormuhagachi/CascadeProjects/jukumu-web-portal/public/file.svg"
2025-08-30T16:45:41.478340Z  INFO tailwindcss_oxide::scanner: Reading "/Users/victormuhagachi/CascadeProjects/jukumu-web-portal/src/app/loading.tsx"
2025-08-30T16:45:41.478308Z  INFO tailwindcss_oxide::scanner: Reading "/Users/victormuhagachi/CascadeProjects/jukumu-web-portal/database/schema.sql"
2025-08-30T16:45:41.478302Z  INFO tailwindcss_oxide::scanner: Reading "/Users/victormuhagachi/CascadeProjects/jukumu-web-portal/src/app/portal/page.tsx"
2025-08-30T16:45:41.478354Z  INFO tailwindcss_oxide::scanner: Reading "/Users/victormuhagachi/CascadeProjects/jukumu-web-portal/src/app/stack/[...stack]/page.tsx"
2025-08-30T16:45:41.478317Z  INFO tailwindcss_oxide::scanner: Reading "/Users/victormuhagachi/CascadeProjects/jukumu-web-portal/check-members.js"
2025-08-30T16:45:41.478361Z  INFO tailwindcss_oxide::scanner: Reading "/Users/victormuhagachi/CascadeProjects/jukumu-web-portal/next.config.ts"
2025-08-30T16:45:41.478366Z  INFO tailwindcss_oxide::scanner: Reading "/Users/victormuhagachi/CascadeProjects/jukumu-web-portal/src/app/page.tsx"
2025-08-30T16:45:41.478377Z  INFO tailwindcss_oxide::scanner: Reading "/Users/victormuhagachi/CascadeProjects/jukumu-web-portal/tsconfig.json"
2025-08-30T16:45:41.478382Z  INFO tailwindcss_oxide::scanner: Reading "/Users/victormuhagachi/CascadeProjects/jukumu-web-portal/src/lib/db.ts"
2025-08-30T16:45:41.478393Z  INFO tailwindcss_oxide::scanner: Reading "/Users/victormuhagachi/CascadeProjects/jukumu-web-portal/README.md"
2025-08-30T16:45:41.478396Z  INFO tailwindcss_oxide::scanner: Reading "/Users/victormuhagachi/CascadeProjects/jukumu-web-portal/update-members-table.js"
2025-08-30T16:45:41.478415Z  INFO tailwindcss_oxide::scanner: Reading "/Users/victormuhagachi/CascadeProjects/jukumu-web-portal/src/lib/stack.ts"
2025-08-30T16:45:41.478428Z  INFO tailwindcss_oxide::scanner: Reading "/Users/victormuhagachi/CascadeProjects/jukumu-web-portal/test-stack-auth.js"
2025-08-30T16:45:41.478452Z  INFO tailwindcss_oxide::scanner: Reading "/Users/victormuhagachi/CascadeProjects/jukumu-web-portal/public/vercel.svg"
2025-08-30T16:45:41.478454Z  INFO tailwindcss_oxide::scanner: Reading "/Users/victormuhagachi/CascadeProjects/jukumu-web-portal/public/next.svg"
2025-08-30T16:45:41.478453Z  INFO tailwindcss_oxide::scanner: Reading "/Users/victormuhagachi/CascadeProjects/jukumu-web-portal/setup-database.js"
2025-08-30T16:45:41.478476Z  INFO tailwindcss_oxide::scanner: Reading "/Users/victormuhagachi/CascadeProjects/jukumu-web-portal/env.example"
2025-08-30T16:45:41.478498Z  INFO tailwindcss_oxide::scanner: Reading "/Users/victormuhagachi/CascadeProjects/jukumu-web-portal/eslint.config.mjs"
2025-08-30T16:45:41.478538Z  INFO tailwindcss_oxide::scanner: Reading "/Users/victormuhagachi/CascadeProjects/jukumu-web-portal/public/globe.svg"
2025-08-30T16:45:41.478547Z  INFO tailwindcss_oxide::scanner: Reading "/Users/victormuhagachi/CascadeProjects/jukumu-web-portal/public/window.svg"
2025-08-30T16:45:41.478594Z  INFO extract_candidates:read_all_files: tailwindcss_oxide::scanner: exit
2025-08-30T16:45:41.478599Z  INFO extract_candidates:parse_all_blobs: tailwindcss_oxide::scanner: enter
2025-08-30T16:45:41.478601Z  INFO extract_candidates:parse_all_blobs:extract: tailwindcss_oxide::scanner: enter
2025-08-30T16:45:41.479328Z  INFO extract_candidates:parse_all_blobs:extract: tailwindcss_oxide::scanner: exit
2025-08-30T16:45:41.479334Z  INFO extract_candidates:parse_all_blobs: tailwindcss_oxide::scanner: exit
2025-08-30T16:45:41.479337Z  INFO extract_candidates:read_all_files: tailwindcss_oxide::scanner: enter
2025-08-30T16:45:41.479338Z  INFO extract_candidates:read_all_files: tailwindcss_oxide::scanner: Reading 1 file(s)
2025-08-30T16:45:41.479349Z  INFO extract_candidates:read_all_files: tailwindcss_oxide::scanner: Reading "/Users/victormuhagachi/CascadeProjects/jukumu-web-portal/src/app/globals.css"
2025-08-30T16:45:41.479352Z  INFO extract_candidates:read_all_files: tailwindcss_oxide::scanner: exit
2025-08-30T16:45:41.479354Z  INFO extract_candidates:extract_css_variables: tailwindcss_oxide::scanner: enter
2025-08-30T16:45:41.479355Z  INFO extract_candidates:extract_css_variables:extract: tailwindcss_oxide::scanner: enter
2025-08-30T16:45:41.479424Z  INFO extract_candidates:extract_css_variables:extract: tailwindcss_oxide::scanner: exit
2025-08-30T16:45:41.479429Z  INFO extract_candidates:extract_css_variables: tailwindcss_oxide::scanner: exit
2025-08-30T16:45:41.479641Z  INFO extract_candidates: tailwindcss_oxide::scanner: exit
2025-08-30T16:45:41.479982Z  INFO get_files: tailwindcss_oxide::scanner: enter
2025-08-30T16:45:41.479985Z  INFO get_files:scan_sources: tailwindcss_oxide::scanner: enter
2025-08-30T16:45:41.480321Z  INFO get_files:scan_sources: tailwindcss_oxide::scanner: Discovering "/Users/victormuhagachi/CascadeProjects/jukumu-web-portal/database"
2025-08-30T16:45:41.480406Z  INFO get_files:scan_sources: tailwindcss_oxide::scanner: Discovering "/Users/victormuhagachi/CascadeProjects/jukumu-web-portal/public"
2025-08-30T16:45:41.480528Z  INFO get_files:scan_sources: tailwindcss_oxide::scanner: Discovering "/Users/victormuhagachi/CascadeProjects/jukumu-web-portal/src"
2025-08-30T16:45:41.480546Z  INFO get_files:scan_sources: tailwindcss_oxide::scanner: Discovering "/Users/victormuhagachi/CascadeProjects/jukumu-web-portal/src/types"
2025-08-30T16:45:41.480569Z  INFO get_files:scan_sources: tailwindcss_oxide::scanner: Discovering "/Users/victormuhagachi/CascadeProjects/jukumu-web-portal/src/contexts"
2025-08-30T16:45:41.480587Z  INFO get_files:scan_sources: tailwindcss_oxide::scanner: Discovering "/Users/victormuhagachi/CascadeProjects/jukumu-web-portal/src/app"
2025-08-30T16:45:41.480605Z  INFO get_files:scan_sources: tailwindcss_oxide::scanner: Discovering "/Users/victormuhagachi/CascadeProjects/jukumu-web-portal/src/app/portal"
2025-08-30T16:45:41.480627Z  INFO get_files:scan_sources: tailwindcss_oxide::scanner: Discovering "/Users/victormuhagachi/CascadeProjects/jukumu-web-portal/src/app/dashboard"
2025-08-30T16:45:41.480654Z  INFO get_files:scan_sources: tailwindcss_oxide::scanner: Discovering "/Users/victormuhagachi/CascadeProjects/jukumu-web-portal/src/app/api"
2025-08-30T16:45:41.480669Z  INFO get_files:scan_sources: tailwindcss_oxide::scanner: Discovering "/Users/victormuhagachi/CascadeProjects/jukumu-web-portal/src/app/api/auth"
2025-08-30T16:45:41.480683Z  INFO get_files:scan_sources: tailwindcss_oxide::scanner: Discovering "/Users/victormuhagachi/CascadeProjects/jukumu-web-portal/src/app/api/auth/signup"
2025-08-30T16:45:41.480701Z  INFO get_files:scan_sources: tailwindcss_oxide::scanner: Discovering "/Users/victormuhagachi/CascadeProjects/jukumu-web-portal/src/app/api/auth/signin"
2025-08-30T16:45:41.480719Z  INFO get_files:scan_sources: tailwindcss_oxide::scanner: Discovering "/Users/victormuhagachi/CascadeProjects/jukumu-web-portal/src/app/api/groups"
2025-08-30T16:45:41.480736Z  INFO get_files:scan_sources: tailwindcss_oxide::scanner: Discovering "/Users/victormuhagachi/CascadeProjects/jukumu-web-portal/src/app/api/members"
2025-08-30T16:45:41.480754Z  INFO get_files:scan_sources: tailwindcss_oxide::scanner: Discovering "/Users/victormuhagachi/CascadeProjects/jukumu-web-portal/src/app/api/educational-content"
2025-08-30T16:45:41.480775Z  INFO get_files:scan_sources: tailwindcss_oxide::scanner: Discovering "/Users/victormuhagachi/CascadeProjects/jukumu-web-portal/src/app/stack"
2025-08-30T16:45:41.480791Z  INFO get_files:scan_sources: tailwindcss_oxide::scanner: Discovering "/Users/victormuhagachi/CascadeProjects/jukumu-web-portal/src/app/stack/[...stack]"
2025-08-30T16:45:41.480816Z  INFO get_files:scan_sources: tailwindcss_oxide::scanner: Discovering "/Users/victormuhagachi/CascadeProjects/jukumu-web-portal/src/app/login"
2025-08-30T16:45:41.480838Z  INFO get_files:scan_sources: tailwindcss_oxide::scanner: Discovering "/Users/victormuhagachi/CascadeProjects/jukumu-web-portal/src/components"
2025-08-30T16:45:41.480874Z  INFO get_files:scan_sources: tailwindcss_oxide::scanner: Discovering "/Users/victormuhagachi/CascadeProjects/jukumu-web-portal/src/lib"
2025-08-30T16:45:41.480913Z  INFO get_files:scan_sources: tailwindcss_oxide::scanner: exit
2025-08-30T16:45:41.481058Z  INFO get_files: tailwindcss_oxide::scanner: exit
2025-08-30T16:45:41.481160Z  INFO get_globs: tailwindcss_oxide::scanner: enter
2025-08-30T16:45:41.481167Z  INFO get_globs:scan_sources: tailwindcss_oxide::scanner: enter
2025-08-30T16:45:41.481469Z  INFO get_globs:scan_sources: tailwindcss_oxide::scanner: Discovering "/Users/victormuhagachi/CascadeProjects/jukumu-web-portal/database"
2025-08-30T16:45:41.481554Z  INFO get_globs:scan_sources: tailwindcss_oxide::scanner: Discovering "/Users/victormuhagachi/CascadeProjects/jukumu-web-portal/public"
2025-08-30T16:45:41.481677Z  INFO get_globs:scan_sources: tailwindcss_oxide::scanner: Discovering "/Users/victormuhagachi/CascadeProjects/jukumu-web-portal/src"
2025-08-30T16:45:41.481695Z  INFO get_globs:scan_sources: tailwindcss_oxide::scanner: Discovering "/Users/victormuhagachi/CascadeProjects/jukumu-web-portal/src/types"
2025-08-30T16:45:41.481709Z  INFO get_globs:scan_sources: tailwindcss_oxide::scanner: Discovering "/Users/victormuhagachi/CascadeProjects/jukumu-web-portal/src/contexts"
2025-08-30T16:45:41.481730Z  INFO get_globs:scan_sources: tailwindcss_oxide::scanner: Discovering "/Users/victormuhagachi/CascadeProjects/jukumu-web-portal/src/app"
2025-08-30T16:45:41.481747Z  INFO get_globs:scan_sources: tailwindcss_oxide::scanner: Discovering "/Users/victormuhagachi/CascadeProjects/jukumu-web-portal/src/app/portal"
2025-08-30T16:45:41.481770Z  INFO get_globs:scan_sources: tailwindcss_oxide::scanner: Discovering "/Users/victormuhagachi/CascadeProjects/jukumu-web-portal/src/app/dashboard"
2025-08-30T16:45:41.481794Z  INFO get_globs:scan_sources: tailwindcss_oxide::scanner: Discovering "/Users/victormuhagachi/CascadeProjects/jukumu-web-portal/src/app/api"
2025-08-30T16:45:41.481810Z  INFO get_globs:scan_sources: tailwindcss_oxide::scanner: Discovering "/Users/victormuhagachi/CascadeProjects/jukumu-web-portal/src/app/api/auth"
2025-08-30T16:45:41.481825Z  INFO get_globs:scan_sources: tailwindcss_oxide::scanner: Discovering "/Users/victormuhagachi/CascadeProjects/jukumu-web-portal/src/app/api/auth/signup"
2025-08-30T16:45:41.481848Z  INFO get_globs:scan_sources: tailwindcss_oxide::scanner: Discovering "/Users/victormuhagachi/CascadeProjects/jukumu-web-portal/src/app/api/auth/signin"
2025-08-30T16:45:41.481868Z  INFO get_globs:scan_sources: tailwindcss_oxide::scanner: Discovering "/Users/victormuhagachi/CascadeProjects/jukumu-web-portal/src/app/api/groups"
2025-08-30T16:45:41.481887Z  INFO get_globs:scan_sources: tailwindcss_oxide::scanner: Discovering "/Users/victormuhagachi/CascadeProjects/jukumu-web-portal/src/app/api/members"
2025-08-30T16:45:41.481906Z  INFO get_globs:scan_sources: tailwindcss_oxide::scanner: Discovering "/Users/victormuhagachi/CascadeProjects/jukumu-web-portal/src/app/api/educational-content"
2025-08-30T16:45:41.481928Z  INFO get_globs:scan_sources: tailwindcss_oxide::scanner: Discovering "/Users/victormuhagachi/CascadeProjects/jukumu-web-portal/src/app/stack"
2025-08-30T16:45:41.481944Z  INFO get_globs:scan_sources: tailwindcss_oxide::scanner: Discovering "/Users/victormuhagachi/CascadeProjects/jukumu-web-portal/src/app/stack/[...stack]"
2025-08-30T16:45:41.481969Z  INFO get_globs:scan_sources: tailwindcss_oxide::scanner: Discovering "/Users/victormuhagachi/CascadeProjects/jukumu-web-portal/src/app/login"
2025-08-30T16:45:41.481990Z  INFO get_globs:scan_sources: tailwindcss_oxide::scanner: Discovering "/Users/victormuhagachi/CascadeProjects/jukumu-web-portal/src/components"
2025-08-30T16:45:41.482025Z  INFO get_globs:scan_sources: tailwindcss_oxide::scanner: Discovering "/Users/victormuhagachi/CascadeProjects/jukumu-web-portal/src/lib"
2025-08-30T16:45:41.482067Z  INFO get_globs:scan_sources: tailwindcss_oxide::scanner: exit
2025-08-30T16:45:41.483354Z  INFO get_globs: tailwindcss_oxide::scanner: exit
